<?xml version="1.0" encoding="UTF-8"?>
<!-- Generated by org.testng.reporters.JUnitXMLReporter -->
<testsuite ignored="1" hostname="147dda8202cd.ant.amazon.com" failures="0" tests="1" name="Default test" time="2.171" errors="0" timestamp="2021-05-15T10:50:19 IST">
  <testcase classname="apiTest.testApi" name="Validate404ForUsers" time="2.145"/>
  <testcase classname="apiTest.testApi" name="putmethodpojo" time="0.0">
    <ignored/>
  </testcase> <!-- putmethodpojo -->
</testsuite> <!-- Default test -->
