<?xml version="1.0" encoding="UTF-8"?>
<testng-results ignored="1" total="2" passed="1" failed="0" skipped="0">
  <reporter-output>
  </reporter-output>
  <suite started-at="2021-05-15T10:50:17 IST" name="Default suite" finished-at="2021-05-15T10:50:19 IST" duration-ms="2171">
    <groups>
    </groups>
    <test started-at="2021-05-15T10:50:17 IST" name="Default test" finished-at="2021-05-15T10:50:19 IST" duration-ms="2171">
      <class name="apiTest.testApi">
        <test-method is-config="true" signature="config(java.lang.String, java.lang.String)[pri:0, instance:apiTest.testApi@11bd0f3b]" started-at="2021-05-15T10:50:16 IST" name="config" finished-at="2021-05-15T10:50:17 IST" duration-ms="377" status="PASS">
          <params>
            <param index="0">
              <value>
                <![CDATA[Optional name Automation ]]>
              </value>
            </param>
            <param index="1">
              <value>
                <![CDATA[API Report]]>
              </value>
            </param>
          </params>
          <reporter-output>
          </reporter-output>
        </test-method> <!-- config -->
        <test-method is-config="true" signature="LogBeforeMethod()[pri:0, instance:apiTest.testApi@11bd0f3b]" started-at="2021-05-15T10:50:17 IST" name="LogBeforeMethod" finished-at="2021-05-15T10:50:17 IST" duration-ms="3" status="PASS">
          <reporter-output>
          </reporter-output>
        </test-method> <!-- LogBeforeMethod -->
        <test-method signature="Validate404ForUsers()[pri:0, instance:apiTest.testApi@11bd0f3b]" started-at="2021-05-15T10:50:17 IST" name="Validate404ForUsers" description="validate 200 as status code with wrong base uri" finished-at="2021-05-15T10:50:19 IST" duration-ms="2145" status="PASS">
          <reporter-output>
          </reporter-output>
        </test-method> <!-- Validate404ForUsers -->
        <test-method is-config="true" signature="getResult(org.testng.ITestResult)[pri:0, instance:apiTest.testApi@11bd0f3b]" started-at="2021-05-15T10:50:19 IST" name="getResult" finished-at="2021-05-15T10:50:19 IST" duration-ms="1" status="PASS">
          <params>
            <param index="0">
              <value>
                <![CDATA[[TestResult name=Validate404ForUsers status=SUCCESS method=testApi.Validate404ForUsers()[pri:0, instance:apiTest.testApi@11bd0f3b] output={null}]]]>
              </value>
            </param>
          </params>
          <reporter-output>
          </reporter-output>
        </test-method> <!-- getResult -->
        <test-method is-config="true" signature="endReport()[pri:0, instance:apiTest.testApi@11bd0f3b]" started-at="2021-05-15T10:50:19 IST" name="endReport" finished-at="2021-05-15T10:50:32 IST" duration-ms="13292" status="PASS">
          <reporter-output>
          </reporter-output>
        </test-method> <!-- endReport -->
      </class> <!-- apiTest.testApi -->
    </test> <!-- Default test -->
  </suite> <!-- Default suite -->
</testng-results>
